<?xml version="1.0" encoding="UTF-8"?>
<!-- Generated by org.testng.reporters.JUnitXMLReporter -->
<testsuite ignored="0" hostname="DESKTOP-RDUDLKR" failures="0" tests="3" name="Test-Registration" time="214.886" errors="0" timestamp="2020-05-13T00:20:31 IST">
  <testcase classname="TestNGFrame.ExtentReportsExample" name="failscenrio" time="49.287"/>
  <testcase classname="TestNGFrame.ExtentReportsExample" name="register" time="76.403"/>
  <testcase classname="TestNGFrame.ExtentReportsExample" name="register" time="59.778"/>
</testsuite> <!-- Test-Registration -->
