<?xml version="1.0" encoding="UTF-8"?>
<!-- Generated by org.testng.reporters.JUnitReportReporter -->
<testsuite hostname="DESKTOP-RDUDLKR" failures="0" tests="3" name="TestNGFrame.ExtentReportsExample" time="119.143" errors="0" timestamp="2020-05-13T00:25:56 IST" skipped="0">
  <testcase classname="TestNGFrame.ExtentReportsExample" name="register" time="36.565"/>
  <system-out/>
  <testcase classname="TestNGFrame.ExtentReportsExample" name="failscenrio" time="30.422"/>
  <system-out/>
  <testcase classname="TestNGFrame.ExtentReportsExample" name="register" time="52.156"/>
  <system-out/>
</testsuite> <!-- TestNGFrame.ExtentReportsExample -->
