<?xml version="1.0" encoding="UTF-8"?>
<!-- Generated by org.testng.reporters.JUnitReportReporter -->
<testsuite hostname="DESKTOP-RDUDLKR" failures="0" tests="2" name="TestNGFrame.ImplementLog4J" time="69.398" errors="0" timestamp="2020-05-13T13:01:00 IST" skipped="0">
  <testcase classname="TestNGFrame.ImplementLog4J" name="register" time="43.231"/>
  <system-out/>
  <testcase classname="TestNGFrame.ImplementLog4J" name="register" time="26.167"/>
  <system-out/>
</testsuite> <!-- TestNGFrame.ImplementLog4J -->
