<?xml version="1.0" encoding="UTF-8"?>
<!-- Generated by org.testng.reporters.JUnitReportReporter -->
<testsuite hostname="DESKTOP-RDUDLKR" failures="0" tests="2" name="TestNGFrame.TestNGDavaProviderReports" time="83.089" errors="0" timestamp="2020-05-09T22:28:24 IST" skipped="0">
  <testcase classname="TestNGFrame.TestNGDavaProviderReports" name="register" time="42.500"/>
  <system-out/>
  <testcase classname="TestNGFrame.TestNGDavaProviderReports" name="register" time="40.589"/>
  <system-out/>
</testsuite> <!-- TestNGFrame.TestNGDavaProviderReports -->
