<?xml version="1.0" encoding="UTF-8"?>
<!-- Generated by org.testng.reporters.JUnitReportReporter -->
<testsuite hostname="DESKTOP-RDUDLKR" failures="0" tests="1" name="TestNGFrame.NewTest" time="0.010" errors="0" timestamp="2020-04-27T14:39:33 IST" skipped="0">
  <testcase classname="TestNGFrame.NewTest" name="f" time="0.010"/>
  <system-out/>
</testsuite> <!-- TestNGFrame.NewTest -->
